<?xml version="1.0" encoding="UTF-8"?>
<!-- Generated by org.testng.reporters.JUnitXMLReporter -->
<testsuite hostname="LAPTOP-39TPP2ME" ignored="0" name="Default test" tests="4" failures="0" timestamp="2019-09-12T01:11:02 IST" time="0.046" errors="0">
  <testcase name="@BeforeTest setup" time="-1.56823086279E9" classname="tests.AmazonTest">
    <failure type="org.testng.TestNGException" message="
Parameter &amp;apos;browser&amp;apos; is required by BeforeTest on method setup but has not been marked @Optional or defined
in C:\Users\Pc\AppData\Local\Temp\testng-eclipse--1454128733\testng-customsuite.xml">
      <![CDATA[org.testng.TestNGException: 
Parameter 'browser' is required by BeforeTest on method setup but has not been marked @Optional or defined
in C:\Users\Pc\AppData\Local\Temp\testng-eclipse--1454128733\testng-customsuite.xml
at org.testng.internal.Parameters.createParams(Parameters.java:289)
at org.testng.internal.Parameters.createParametersForMethod(Parameters.java:377)
at org.testng.internal.Parameters.createParameters(Parameters.java:721)
at org.testng.internal.Parameters.createConfigurationParameters(Parameters.java:164)
at org.testng.internal.ConfigInvoker.invokeConfigurations(ConfigInvoker.java:275)
at org.testng.TestRunner.invokeTestConfigurations(TestRunner.java:623)
at org.testng.TestRunner.beforeRun(TestRunner.java:613)
at org.testng.TestRunner.run(TestRunner.java:584)
at org.testng.SuiteRunner.runTest(SuiteRunner.java:402)
at org.testng.SuiteRunner.runSequentially(SuiteRunner.java:396)
at org.testng.SuiteRunner.privateRun(SuiteRunner.java:355)
at org.testng.SuiteRunner.run(SuiteRunner.java:304)
at org.testng.SuiteRunnerWorker.runSuite(SuiteRunnerWorker.java:53)
at org.testng.SuiteRunnerWorker.run(SuiteRunnerWorker.java:96)
at org.testng.TestNG.runSuitesSequentially(TestNG.java:1180)
at org.testng.TestNG.runSuitesLocally(TestNG.java:1102)
at org.testng.TestNG.runSuites(TestNG.java:1032)
at org.testng.TestNG.run(TestNG.java:1000)
at org.testng.remote.AbstractRemoteTestNG.run(AbstractRemoteTestNG.java:115)
at org.testng.remote.RemoteTestNG.initAndRun(RemoteTestNG.java:251)
at org.testng.remote.RemoteTestNG.main(RemoteTestNG.java:77)
]]>
    </failure>
  </testcase> <!-- @BeforeTest setup -->
  <testcase name="@AfterTest afterClass" time="-1.56823086283E9" classname="tests.AmazonTest">
    <skipped/>
  </testcase> <!-- @AfterTest afterClass -->
  <testcase name="Open_Home_Page" time="0.0" classname="tests.AmazonTest">
    <skipped/>
  </testcase> <!-- Open_Home_Page -->
  <testcase name="Loginnn" time="0.0" classname="tests.AmazonTest">
    <skipped/>
  </testcase> <!-- Loginnn -->
  <testcase name="ProductSearch" time="0.0" classname="tests.AmazonTest">
    <skipped/>
  </testcase> <!-- ProductSearch -->
  <testcase name="Logout" time="0.0" classname="tests.AmazonTest">
    <skipped/>
  </testcase> <!-- Logout -->
</testsuite> <!-- Default test -->
