<?xml version="1.0" encoding="UTF-8"?>
<!-- Generated by org.testng.reporters.JUnitXMLReporter -->
<testsuite hostname="LAPTOP-39TPP2ME" ignored="0" name="AmazonTestUsingPageFactory" tests="1" failures="1" timestamp="2019-09-09T00:42:19 IST" time="39.083" errors="0">
  <testcase name="test_Home_Page" time="0.048" classname="tests.AmazonTest">
    <failure type="java.lang.AssertionError" message="did not expect to find [true] but found [false]">
      <![CDATA[java.lang.AssertionError: did not expect to find [true] but found [false]
at tests.AmazonTest.test_Home_Page(AmazonTest.java:74)
at java.util.ArrayList.forEach(Unknown Source)
... Removed 31 stack frames]]>
    </failure>
  </testcase> <!-- test_Home_Page -->
</testsuite> <!-- AmazonTestUsingPageFactory -->
